<?xml version="1.0" encoding="UTF-8"?>
<testsuite xmlns:xsi="http://www.w3.org/2001/XMLSchema-instance" xsi:noNamespaceSchemaLocation="https://maven.apache.org/surefire/maven-surefire-plugin/xsd/surefire-test-report-3.0.xsd" version="3.0" name="com.example.msproductos.controller.ProductoControllerTest" time="12.981" tests="6" errors="0" skipped="0" failures="0">
  <properties>
[...]
</properties>
  <testcase name="crearProducto_ValidProduct_ReturnsOk" classname="com.example.msproductos.controller.ProductoControllerTest" time="0.352">
    <system-out><![CDATA[20:26:10.042 [main] INFO org.springframework.test.context.support.AnnotationConfigContextLoaderUtils -- Could not detect default configuration classes for test class [com.example.msproductos.controller.ProductoControllerTest]: ProductoControllerTest does not declare any static, non-private, non-final, nested classes annotated with @Configuration.
20:26:10.280 [main] INFO org.springframework.boot.test.context.SpringBootTestContextBootstrapper -- Found @SpringBootConfiguration com.example.msproductos.MsProductosApplication for test class com.example.msproductos.controller.ProductoControllerTest

  .   ____          _            __ _ _
 /\\ / ___'_ __ _ _(_)_ __  __ _ \ \ \ \
( ( )\___ | '_ | '_| | '_ \/ _` | \ \ \ \
 \\/  ___)| |_)| | | | | || (_| |  ) ) ) )
  '  |____| .__|_| |_|_| |_\__, | / / / /
 =========|_|==============|___/=/_/_/_/
 :: Spring Boot ::                (v3.2.3)

2025-05-07T20:26:12.786-05:00  INFO 29104 --- [ms-productos] [           main] c.e.m.controller.ProductoControllerTest  : Starting ProductoControllerTest using Java 17.0.12 with PID 29104 (started by qpaucarm in C:\Users\qpaucarm\OneDrive - NTT DATA EMEAL\Documentos\PU\ms-productos)
2025-05-07T20:26:12.786-05:00 DEBUG 29104 --- [ms-productos] [           main] c.e.m.controller.ProductoControllerTest  : Running with Spring Boot v3.2.3, Spring v6.1.4
2025-05-07T20:26:12.788-05:00  INFO 29104 --- [ms-productos] [           main] c.e.m.controller.ProductoControllerTest  : The following 1 profile is active: "test"
2025-05-07T20:26:12.817-05:00  INFO 29104 --- [ms-productos] [           main] o.s.c.c.c.ConfigServerConfigDataLoader   : Fetching config from server at : http://localhost:8888
2025-05-07T20:26:12.817-05:00  INFO 29104 --- [ms-productos] [           main] o.s.c.c.c.ConfigServerConfigDataLoader   : Exception on Url - http://localhost:8888:org.springframework.web.client.ResourceAccessException: I/O error on GET request for "http://localhost:8888/ms-productos/default": Connection refused: no further information. Will be trying the next url if available
2025-05-07T20:26:12.817-05:00  WARN 29104 --- [ms-productos] [           main] o.s.c.c.c.ConfigServerConfigDataLoader   : Could not locate PropertySource ([ConfigServerConfigDataResource@31c0c7e5 uris = array<String>['http://localhost:8888'], optional = true, profiles = 'default']): I/O error on GET request for "http://localhost:8888/ms-productos/default": Connection refused: no further information
2025-05-07T20:26:12.817-05:00  INFO 29104 --- [ms-productos] [           main] o.s.c.c.c.ConfigServerConfigDataLoader   : Fetching config from server at : http://localhost:8888
2025-05-07T20:26:12.818-05:00  INFO 29104 --- [ms-productos] [           main] o.s.c.c.c.ConfigServerConfigDataLoader   : Exception on Url - http://localhost:8888:org.springframework.web.client.ResourceAccessException: I/O error on GET request for "http://localhost:8888/ms-productos/test": Connection refused: no further information. Will be trying the next url if available
2025-05-07T20:26:12.818-05:00  WARN 29104 --- [ms-productos] [           main] o.s.c.c.c.ConfigServerConfigDataLoader   : Could not locate PropertySource ([ConfigServerConfigDataResource@5e34a84b uris = array<String>['http://localhost:8888'], optional = true, profiles = 'test']): I/O error on GET request for "http://localhost:8888/ms-productos/test": Connection refused: no further information
2025-05-07T20:26:12.818-05:00  INFO 29104 --- [ms-productos] [           main] o.s.c.c.c.ConfigServerConfigDataLoader   : Fetching config from server at : http://localhost:8888
2025-05-07T20:26:12.818-05:00  INFO 29104 --- [ms-productos] [           main] o.s.c.c.c.ConfigServerConfigDataLoader   : Exception on Url - http://localhost:8888:org.springframework.web.client.ResourceAccessException: I/O error on GET request for "http://localhost:8888/ms-productos/default": Connection refused: no further information. Will be trying the next url if available
2025-05-07T20:26:12.818-05:00  WARN 29104 --- [ms-productos] [           main] o.s.c.c.c.ConfigServerConfigDataLoader   : Could not locate PropertySource ([ConfigServerConfigDataResource@438c0aaf uris = array<String>['http://localhost:8888'], optional = true, profiles = 'default']): I/O error on GET request for "http://localhost:8888/ms-productos/default": Connection refused: no further information
2025-05-07T20:26:12.818-05:00  INFO 29104 --- [ms-productos] [           main] o.s.c.c.c.ConfigServerConfigDataLoader   : Fetching config from server at : http://localhost:8888
2025-05-07T20:26:12.818-05:00  INFO 29104 --- [ms-productos] [           main] o.s.c.c.c.ConfigServerConfigDataLoader   : Exception on Url - http://localhost:8888:org.springframework.web.client.ResourceAccessException: I/O error on GET request for "http://localhost:8888/ms-productos/test": Connection refused: no further information. Will be trying the next url if available
2025-05-07T20:26:12.819-05:00  WARN 29104 --- [ms-productos] [           main] o.s.c.c.c.ConfigServerConfigDataLoader   : Could not locate PropertySource ([ConfigServerConfigDataResource@687fd6e uris = array<String>['http://localhost:8888'], optional = true, profiles = 'test']): I/O error on GET request for "http://localhost:8888/ms-productos/test": Connection refused: no further information
2025-05-07T20:26:12.819-05:00  INFO 29104 --- [ms-productos] [           main] o.s.c.c.c.ConfigServerConfigDataLoader   : Fetching config from server at : http://localhost:8888
2025-05-07T20:26:12.819-05:00  INFO 29104 --- [ms-productos] [           main] o.s.c.c.c.ConfigServerConfigDataLoader   : Exception on Url - http://localhost:8888:org.springframework.web.client.ResourceAccessException: I/O error on GET request for "http://localhost:8888/ms-productos/default": Connection refused: no further information. Will be trying the next url if available
2025-05-07T20:26:12.819-05:00  WARN 29104 --- [ms-productos] [           main] o.s.c.c.c.ConfigServerConfigDataLoader   : Could not locate PropertySource ([ConfigServerConfigDataResource@266a47fd uris = array<String>['http://localhost:8888'], optional = true, profiles = 'default']): I/O error on GET request for "http://localhost:8888/ms-productos/default": Connection refused: no further information
2025-05-07T20:26:13.828-05:00  INFO 29104 --- [ms-productos] [           main] .s.d.r.c.RepositoryConfigurationDelegate : Bootstrapping Spring Data JPA repositories in DEFAULT mode.
2025-05-07T20:26:14.096-05:00  INFO 29104 --- [ms-productos] [           main] .s.d.r.c.RepositoryConfigurationDelegate : Finished Spring Data repository scanning in 247 ms. Found 1 JPA repository interface.
2025-05-07T20:26:14.589-05:00  INFO 29104 --- [ms-productos] [           main] o.s.cloud.context.scope.GenericScope     : BeanFactory id=db6d1a35-9ef0-321a-8a81-6daf129538b0
2025-05-07T20:26:16.234-05:00  WARN 29104 --- [ms-productos] [           main] trationDelegate$BeanPostProcessorChecker : Bean 'org.springframework.cloud.client.loadbalancer.LoadBalancerAutoConfiguration$LoadBalancerInterceptorConfig' of type [org.springframework.cloud.client.loadbalancer.LoadBalancerAutoConfiguration$LoadBalancerInterceptorConfig] is not eligible for getting processed by all BeanPostProcessors (for example: not eligible for auto-proxying). The currently created BeanPostProcessor [lbRestClientPostProcessor] is declared through a non-static factory method on that class; consider declaring it as static instead.
2025-05-07T20:26:16.238-05:00  WARN 29104 --- [ms-productos] [           main] trationDelegate$BeanPostProcessorChecker : Bean 'org.springframework.cloud.loadbalancer.config.BlockingLoadBalancerClientAutoConfiguration' of type [org.springframework.cloud.loadbalancer.config.BlockingLoadBalancerClientAutoConfiguration] is not eligible for getting processed by all BeanPostProcessors (for example: not eligible for auto-proxying). Is this bean getting eagerly injected into a currently created BeanPostProcessor [lbRestClientPostProcessor]? Check the corresponding BeanPostProcessor declaration and its dependencies.
2025-05-07T20:26:16.240-05:00  WARN 29104 --- [ms-productos] [           main] trationDelegate$BeanPostProcessorChecker : Bean 'org.springframework.cloud.loadbalancer.config.LoadBalancerAutoConfiguration' of type [org.springframework.cloud.loadbalancer.config.LoadBalancerAutoConfiguration] is not eligible for getting processed by all BeanPostProcessors (for example: not eligible for auto-proxying). Is this bean getting eagerly injected into a currently created BeanPostProcessor [lbRestClientPostProcessor]? Check the corresponding BeanPostProcessor declaration and its dependencies.
2025-05-07T20:26:16.256-05:00  WARN 29104 --- [ms-productos] [           main] trationDelegate$BeanPostProcessorChecker : Bean 'org.springframework.cloud.commons.config.CommonsConfigAutoConfiguration' of type [org.springframework.cloud.commons.config.CommonsConfigAutoConfiguration] is not eligible for getting processed by all BeanPostProcessors (for example: not eligible for auto-proxying). Is this bean getting eagerly injected into a currently created BeanPostProcessor [lbRestClientPostProcessor]? Check the corresponding BeanPostProcessor declaration and its dependencies.
2025-05-07T20:26:16.260-05:00  WARN 29104 --- [ms-productos] [           main] trationDelegate$BeanPostProcessorChecker : Bean 'org.springframework.cloud.client.loadbalancer.LoadBalancerDefaultMappingsProviderAutoConfiguration' of type [org.springframework.cloud.client.loadbalancer.LoadBalancerDefaultMappingsProviderAutoConfiguration] is not eligible for getting processed by all BeanPostProcessors (for example: not eligible for auto-proxying). Is this bean getting eagerly injected into a currently created BeanPostProcessor [lbRestClientPostProcessor]? Check the corresponding BeanPostProcessor declaration and its dependencies.
2025-05-07T20:26:16.262-05:00  WARN 29104 --- [ms-productos] [           main] trationDelegate$BeanPostProcessorChecker : Bean 'loadBalancerClientsDefaultsMappingsProvider' of type [org.springframework.cloud.client.loadbalancer.LoadBalancerDefaultMappingsProviderAutoConfiguration$$Lambda$1098/0x0000025fe466a580] is not eligible for getting processed by all BeanPostProcessors (for example: not eligible for auto-proxying). Is this bean getting eagerly injected into a currently created BeanPostProcessor [lbRestClientPostProcessor]? Check the corresponding BeanPostProcessor declaration and its dependencies.
2025-05-07T20:26:16.264-05:00  WARN 29104 --- [ms-productos] [           main] trationDelegate$BeanPostProcessorChecker : Bean 'defaultsBindHandlerAdvisor' of type [org.springframework.cloud.commons.config.DefaultsBindHandlerAdvisor] is not eligible for getting processed by all BeanPostProcessors (for example: not eligible for auto-proxying). Is this bean getting eagerly injected into a currently created BeanPostProcessor [lbRestClientPostProcessor]? Check the corresponding BeanPostProcessor declaration and its dependencies.
2025-05-07T20:26:16.282-05:00  WARN 29104 --- [ms-productos] [           main] trationDelegate$BeanPostProcessorChecker : Bean 'spring.cloud.loadbalancer-org.springframework.cloud.client.loadbalancer.LoadBalancerClientsProperties' of type [org.springframework.cloud.client.loadbalancer.LoadBalancerClientsProperties] is not eligible for getting processed by all BeanPostProcessors (for example: not eligible for auto-proxying). Is this bean getting eagerly injected into a currently created BeanPostProcessor [lbRestClientPostProcessor]? Check the corresponding BeanPostProcessor declaration and its dependencies.
2025-05-07T20:26:16.291-05:00  WARN 29104 --- [ms-productos] [           main] trationDelegate$BeanPostProcessorChecker : Bean 'default.org.springframework.cloud.loadbalancer.config.LoadBalancerAutoConfiguration.LoadBalancerClientSpecification' of type [org.springframework.cloud.loadbalancer.annotation.LoadBalancerClientSpecification] is not eligible for getting processed by all BeanPostProcessors (for example: not eligible for auto-proxying). Is this bean getting eagerly injected into a currently created BeanPostProcessor [lbRestClientPostProcessor]? Check the corresponding BeanPostProcessor declaration and its dependencies.
2025-05-07T20:26:16.293-05:00  WARN 29104 --- [ms-productos] [           main] trationDelegate$BeanPostProcessorChecker : Bean 'default.org.springframework.cloud.loadbalancer.config.BlockingLoadBalancerClientAutoConfiguration.LoadBalancerClientSpecification' of type [org.springframework.cloud.loadbalancer.annotation.LoadBalancerClientSpecification] is not eligible for getting processed by all BeanPostProcessors (for example: not eligible for auto-proxying). Is this bean getting eagerly injected into a currently created BeanPostProcessor [lbRestClientPostProcessor]? Check the corresponding BeanPostProcessor declaration and its dependencies.
2025-05-07T20:26:16.296-05:00  WARN 29104 --- [ms-productos] [           main] trationDelegate$BeanPostProcessorChecker : Bean 'loadBalancerClientFactory' of type [org.springframework.cloud.loadbalancer.support.LoadBalancerClientFactory] is not eligible for getting processed by all BeanPostProcessors (for example: not eligible for auto-proxying). Is this bean getting eagerly injected into a currently created BeanPostProcessor [lbRestClientPostProcessor]? Check the corresponding BeanPostProcessor declaration and its dependencies.
2025-05-07T20:26:16.309-05:00  WARN 29104 --- [ms-productos] [           main] trationDelegate$BeanPostProcessorChecker : Bean 'blockingLoadBalancerClient' of type [org.springframework.cloud.loadbalancer.blocking.client.BlockingLoadBalancerClient] is not eligible for getting processed by all BeanPostProcessors (for example: not eligible for auto-proxying). Is this bean getting eagerly injected into a currently created BeanPostProcessor [lbRestClientPostProcessor]? Check the corresponding BeanPostProcessor declaration and its dependencies.
2025-05-07T20:26:16.318-05:00  WARN 29104 --- [ms-productos] [           main] trationDelegate$BeanPostProcessorChecker : Bean 'loadBalancerServiceInstanceCookieTransformer' of type [org.springframework.cloud.loadbalancer.core.LoadBalancerServiceInstanceCookieTransformer] is not eligible for getting processed by all BeanPostProcessors (for example: not eligible for auto-proxying). Is this bean getting eagerly injected into a currently created BeanPostProcessor [lbRestClientPostProcessor]? Check the corresponding BeanPostProcessor declaration and its dependencies.
2025-05-07T20:26:16.320-05:00  WARN 29104 --- [ms-productos] [           main] trationDelegate$BeanPostProcessorChecker : Bean 'xForwarderHeadersTransformer' of type [org.springframework.cloud.loadbalancer.blocking.XForwardedHeadersTransformer] is not eligible for getting processed by all BeanPostProcessors (for example: not eligible for auto-proxying). Is this bean getting eagerly injected into a currently created BeanPostProcessor [lbRestClientPostProcessor]? Check the corresponding BeanPostProcessor declaration and its dependencies.
2025-05-07T20:26:16.322-05:00  WARN 29104 --- [ms-productos] [           main] trationDelegate$BeanPostProcessorChecker : Bean 'org.springframework.cloud.client.loadbalancer.LoadBalancerAutoConfiguration' of type [org.springframework.cloud.client.loadbalancer.LoadBalancerAutoConfiguration] is not eligible for getting processed by all BeanPostProcessors (for example: not eligible for auto-proxying). Is this bean getting eagerly injected into a currently created BeanPostProcessor [lbRestClientPostProcessor]? Check the corresponding BeanPostProcessor declaration and its dependencies.
2025-05-07T20:26:16.326-05:00  WARN 29104 --- [ms-productos] [           main] trationDelegate$BeanPostProcessorChecker : Bean 'loadBalancerRequestFactory' of type [org.springframework.cloud.client.loadbalancer.LoadBalancerRequestFactory] is not eligible for getting processed by all BeanPostProcessors (for example: not eligible for auto-proxying). Is this bean getting eagerly injected into a currently created BeanPostProcessor [lbRestClientPostProcessor]? Check the corresponding BeanPostProcessor declaration and its dependencies.
2025-05-07T20:26:16.327-05:00  WARN 29104 --- [ms-productos] [           main] trationDelegate$BeanPostProcessorChecker : Bean 'loadBalancerInterceptor' of type [org.springframework.cloud.client.loadbalancer.LoadBalancerInterceptor] is not eligible for getting processed by all BeanPostProcessors (for example: not eligible for auto-proxying). Is this bean getting eagerly injected into a currently created BeanPostProcessor [lbRestClientPostProcessor]? Check the corresponding BeanPostProcessor declaration and its dependencies.
2025-05-07T20:26:16.553-05:00  INFO 29104 --- [ms-productos] [           main] o.hibernate.jpa.internal.util.LogHelper  : HHH000204: Processing PersistenceUnitInfo [name: default]
2025-05-07T20:26:16.702-05:00  INFO 29104 --- [ms-productos] [           main] org.hibernate.Version                    : HHH000412: Hibernate ORM core version 6.4.4.Final
2025-05-07T20:26:16.786-05:00  INFO 29104 --- [ms-productos] [           main] o.h.c.internal.RegionFactoryInitiator    : HHH000026: Second-level cache disabled
2025-05-07T20:26:17.084-05:00  INFO 29104 --- [ms-productos] [           main] o.s.o.j.p.SpringPersistenceUnitInfo      : No LoadTimeWeaver setup: ignoring JPA class transformer
2025-05-07T20:26:17.152-05:00  INFO 29104 --- [ms-productos] [           main] com.zaxxer.hikari.HikariDataSource       : HikariPool-1 - Starting...
2025-05-07T20:26:17.679-05:00  INFO 29104 --- [ms-productos] [           main] com.zaxxer.hikari.pool.HikariPool        : HikariPool-1 - Added connection conn0: url=jdbc:h2:mem:testdb user=SA
2025-05-07T20:26:17.684-05:00  INFO 29104 --- [ms-productos] [           main] com.zaxxer.hikari.HikariDataSource       : HikariPool-1 - Start completed.
2025-05-07T20:26:17.737-05:00  WARN 29104 --- [ms-productos] [           main] org.hibernate.orm.deprecation            : HHH90000025: H2Dialect does not need to be specified explicitly using 'hibernate.dialect' (remove the property setting and it will be selected by default)
2025-05-07T20:26:19.190-05:00  INFO 29104 --- [ms-productos] [           main] o.h.e.t.j.p.i.JtaPlatformInitiator       : HHH000489: No JTA platform available (set 'hibernate.transaction.jta.platform' to enable JTA platform integration)
Hibernate: 
    drop table if exists productos cascade 
Hibernate: 
    create table productos (
        activo boolean not null,
        precio numeric(10,2) not null,
        stock integer not null,
        id bigint generated by default as identity,
        descripcion varchar(1000),
        categoria varchar(255) not null,
        imagen_url varchar(255),
        nombre varchar(255) not null,
        primary key (id)
    )
2025-05-07T20:26:19.250-05:00  INFO 29104 --- [ms-productos] [           main] j.LocalContainerEntityManagerFactoryBean : Initialized JPA EntityManagerFactory for persistence unit 'default'
2025-05-07T20:26:19.419-05:00  WARN 29104 --- [ms-productos] [           main] JpaBaseConfiguration$JpaWebConfiguration : spring.jpa.open-in-view is enabled by default. Therefore, database queries may be performed during view rendering. Explicitly configure spring.jpa.open-in-view to disable this warning
2025-05-07T20:26:19.749-05:00  WARN 29104 --- [ms-productos] [           main] .s.s.UserDetailsServiceAutoConfiguration : 

Using generated security password: 005e4ee5-a4e6-40c8-9453-9a17654c20ea

This generated password is for development use only. Your security configuration must be updated before running your application in production.

2025-05-07T20:26:20.144-05:00  INFO 29104 --- [ms-productos] [           main] o.s.s.web.DefaultSecurityFilterChain     : Will secure any request with [org.springframework.security.web.session.DisableEncodeUrlFilter@8b3c5a0, org.springframework.security.web.context.request.async.WebAsyncManagerIntegrationFilter@10e94abd, org.springframework.security.web.context.SecurityContextHolderFilter@6c826a82, org.springframework.security.web.header.HeaderWriterFilter@611e919b, org.springframework.web.filter.CorsFilter@4513f28f, org.springframework.security.web.authentication.logout.LogoutFilter@15904558, org.springframework.security.web.savedrequest.RequestCacheAwareFilter@381b1934, org.springframework.security.web.servletapi.SecurityContextHolderAwareRequestFilter@2785477b, org.springframework.security.web.authentication.AnonymousAuthenticationFilter@441bf3e1, org.springframework.security.web.session.SessionManagementFilter@6de6f7cd, org.springframework.security.web.access.ExceptionTranslationFilter@418083eb, org.springframework.security.web.access.intercept.AuthorizationFilter@3b6464d7]
2025-05-07T20:26:20.152-05:00  INFO 29104 --- [ms-productos] [           main] o.s.s.web.DefaultSecurityFilterChain     : Will secure any request with [org.springframework.security.web.session.DisableEncodeUrlFilter@54a13513, org.springframework.security.web.context.request.async.WebAsyncManagerIntegrationFilter@7c25cd36, org.springframework.security.web.context.SecurityContextHolderFilter@47c21023, org.springframework.security.web.header.HeaderWriterFilter@6d7ac72d, org.springframework.web.filter.CorsFilter@53ec97b4, org.springframework.security.web.authentication.logout.LogoutFilter@751bb6ff, com.example.msproductos.config.JwtAuthenticationFilter@649268a9, org.springframework.security.web.savedrequest.RequestCacheAwareFilter@44acc55c, org.springframework.security.web.servletapi.SecurityContextHolderAwareRequestFilter@7fd4314b, org.springframework.security.web.authentication.AnonymousAuthenticationFilter@2394231f, org.springframework.security.web.session.SessionManagementFilter@36cd6965, org.springframework.security.web.access.ExceptionTranslationFilter@47a888b7, org.springframework.security.web.access.intercept.AuthorizationFilter@93f36e0]
2025-05-07T20:26:21.054-05:00  INFO 29104 --- [ms-productos] [           main] o.s.b.a.h2.H2ConsoleAutoConfiguration    : H2 console available at '/h2-console'. Database available at 'jdbc:h2:mem:testdb'
2025-05-07T20:26:21.146-05:00 DEBUG 29104 --- [ms-productos] [           main] c.e.m.config.JwtAuthenticationFilter     : Filter 'jwtAuthenticationFilter' configured for use
2025-05-07T20:26:21.148-05:00  INFO 29104 --- [ms-productos] [           main] o.s.b.t.m.w.SpringBootMockServletContext : Initializing Spring TestDispatcherServlet ''
2025-05-07T20:26:21.148-05:00  INFO 29104 --- [ms-productos] [           main] o.s.t.web.servlet.TestDispatcherServlet  : Initializing Servlet ''
2025-05-07T20:26:21.149-05:00  INFO 29104 --- [ms-productos] [           main] o.s.t.web.servlet.TestDispatcherServlet  : Completed initialization in 1 ms
2025-05-07T20:26:21.857-05:00  INFO 29104 --- [ms-productos] [           main] DiscoveryClientOptionalArgsConfiguration : Eureka HTTP Client uses RestTemplate.
2025-05-07T20:26:21.911-05:00  WARN 29104 --- [ms-productos] [           main] iguration$LoadBalancerCaffeineWarnLogger : Spring Cloud LoadBalancer is currently working with the default cache. While this cache implementation is useful for development and tests, it's recommended to use Caffeine cache in production.You can switch to using Caffeine cache, by adding it and org.springframework.cache.caffeine.CaffeineCacheManager to the classpath.
2025-05-07T20:26:22.268-05:00  INFO 29104 --- [ms-productos] [           main] c.e.m.controller.ProductoControllerTest  : Started ProductoControllerTest in 11.617 seconds (process running for 13.526)
]]></system-out>
  </testcase>
  <testcase name="obtenerProducto_ValidId_ReturnsProduct" classname="com.example.msproductos.controller.ProductoControllerTest" time="0.01"/>
  <testcase name="obtenerProductos_ReturnsProductList" classname="com.example.msproductos.controller.ProductoControllerTest" time="0.012"/>
  <testcase name="crearProducto_UnauthorizedUser_ReturnsForbidden" classname="com.example.msproductos.controller.ProductoControllerTest" time="0.015"/>
  <testcase name="actualizarProducto_ValidProduct_ReturnsOk" classname="com.example.msproductos.controller.ProductoControllerTest" time="0.007"/>
  <testcase name="eliminarProducto_ValidId_ReturnsOk" classname="com.example.msproductos.controller.ProductoControllerTest" time="0.006"/>
</testsuite>